<?xml version="1.0" encoding="UTF-8"?>
<!-- Generated by org.testng.reporters.JUnitReportReporter -->
<testsuite hostname="LAPTOP-PHE0BC9E" failures="0" tests="1" name="JavaStreams" time="0.028" errors="0" timestamp="2022-11-11T12:39:12 IST" skipped="0">
  <testcase classname="JavaStreams" name="streamCollect" time="0.028"/>
  <system-out/>
</testsuite> <!-- JavaStreams -->
