<?xml version="1.0" encoding="UTF-8"?>
<!-- Generated by org.testng.reporters.JUnitReportReporter -->
<testsuite hostname="LAPTOP-PHE0BC9E" failures="0" tests="6" name="Selenium.SeleniumProctice.ser" time="0.037" errors="0" timestamp="2022-10-04T09:21:01 IST" skipped="0">
  <testcase classname="Selenium.SeleniumProctice.ser" name="test2" time="0.003"/>
  <system-out/>
  <testcase classname="Selenium.SeleniumProctice.ser" name="test4" time="0.003"/>
  <system-out/>
  <testcase classname="Selenium.SeleniumProctice.ser" name="test" time="0.021"/>
  <system-out/>
  <testcase classname="Selenium.SeleniumProctice.ser" name="test1" time="0.004"/>
  <system-out/>
  <testcase classname="Selenium.SeleniumProctice.ser" name="test5" time="0.003"/>
  <system-out/>
  <testcase classname="Selenium.SeleniumProctice.ser" name="test3" time="0.003"/>
  <system-out/>
</testsuite> <!-- Selenium.SeleniumProctice.ser -->
