<?xml version="1.0" encoding="UTF-8"?>
<!-- Generated by org.testng.reporters.JUnitReportReporter -->
<testsuite hostname="LAPTOP-PHE0BC9E" failures="0" tests="2" name="com.testng.TestNgTest" time="0.013" errors="0" timestamp="2022-12-07T12:52:29 IST" skipped="0">
  <testcase classname="com.testng.TestNgTest" name="test" time="0.000"/>
  <system-out/>
  <testcase classname="com.testng.TestNgTest" name="Test1" time="0.013"/>
  <system-out/>
</testsuite> <!-- com.testng.TestNgTest -->
